<?xml version="1.0" encoding="UTF-8"?>
<!-- Generated by org.testng.reporters.JUnitReportReporter -->
<testsuite hostname="LTIN484790" failures="0" tests="4" name="testCases.CorporateForm" time="36.069" errors="0" timestamp="2024-02-27T23:52:04 IST" skipped="2">
  <testcase classname="testCases.CorporateForm" name="verifyFormPage" time="5.057"/>
  <testcase classname="testCases.CorporateForm" name="verifyFormPage" time="0.000">
    <skipped/>
  </testcase> <!-- verifyFormPage -->
  <testcase classname="testCases.CorporateForm" name="validateForm" time="0.000">
    <skipped/>
  </testcase> <!-- validateForm -->
  <testcase classname="testCases.CorporateForm" name="validateForm" time="31.012"/>
</testsuite> <!-- testCases.CorporateForm -->
