<?xml version="1.0" encoding="UTF-8"?>
<!-- Generated by org.testng.reporters.JUnitReportReporter -->
<testsuite hostname="LTIN484790" failures="0" tests="4" name="testCases.ListingSurgeries" time="4.387" errors="0" timestamp="2024-02-27T23:52:04 IST" skipped="2">
  <testcase classname="testCases.ListingSurgeries" name="verifySurgeryPage" time="0.000">
    <skipped/>
  </testcase> <!-- verifySurgeryPage -->
  <testcase classname="testCases.ListingSurgeries" name="verifySurgeryPage" time="1.146"/>
  <testcase classname="testCases.ListingSurgeries" name="availableSurgeries" time="0.000">
    <skipped/>
  </testcase> <!-- availableSurgeries -->
  <testcase classname="testCases.ListingSurgeries" name="availableSurgeries" time="3.241"/>
</testsuite> <!-- testCases.ListingSurgeries -->
