<?xml version="1.0" encoding="UTF-8"?>
<!-- Generated by org.testng.reporters.JUnitReportReporter -->
<testsuite hostname="LTIN484790" failures="0" tests="2" name="testCases.ListingSurgeries" time="2.905" errors="0" timestamp="2024-02-26T17:54:04 IST" skipped="0">
  <testcase classname="testCases.ListingSurgeries" name="verifySurgeryPage" time="1.327"/>
  <testcase classname="testCases.ListingSurgeries" name="availableSurgeries" time="1.578"/>
</testsuite> <!-- testCases.ListingSurgeries -->
