<?xml version="1.0" encoding="UTF-8"?>
<!-- Generated by org.testng.reporters.JUnitReportReporter -->
<testsuite hostname="LTIN484790" failures="0" tests="2" name="testCases.ListingReqDoctors" time="9.497" errors="0" timestamp="2024-02-26T17:54:04 IST" skipped="0">
  <testcase classname="testCases.ListingReqDoctors" name="validateFilters" time="8.413"/>
  <testcase classname="testCases.ListingReqDoctors" name="getDetails" time="1.084"/>
</testsuite> <!-- testCases.ListingReqDoctors -->
