<?xml version="1.0" encoding="UTF-8"?>
<!-- Generated by org.testng.reporters.JUnitReportReporter -->
<testsuite hostname="LTIN484790" failures="0" tests="2" name="testCases.CorporateForm" time="22.585" errors="0" timestamp="2024-02-26T17:54:04 IST" skipped="0">
  <testcase classname="testCases.CorporateForm" name="verifyFormPage" time="10.526"/>
  <testcase classname="testCases.CorporateForm" name="validateForm" time="12.059"/>
</testsuite> <!-- testCases.CorporateForm -->
