<?xml version="1.0" encoding="UTF-8"?>
<!-- Generated by org.testng.reporters.JUnitReportReporter -->
<testsuite hostname="LTIN484790" failures="0" tests="3" name="testCases.SearchDoctors" time="3.532" errors="0" timestamp="2024-02-26T17:30:41 IST" skipped="0">
  <testcase classname="testCases.SearchDoctors" name="validateLogo" time="0.058"/>
  <testcase classname="testCases.SearchDoctors" name="validateTitle" time="0.198"/>
  <testcase classname="testCases.SearchDoctors" name="validateSpeciality" time="3.276"/>
</testsuite> <!-- testCases.SearchDoctors -->
