<?xml version="1.0" encoding="UTF-8"?>
<!-- Generated by org.testng.reporters.JUnitReportReporter -->
<testsuite hostname="LTIN484790" failures="0" tests="2" name="testCases.ListingSurgeries" time="2.767" errors="0" timestamp="2024-02-26T17:30:41 IST" skipped="0">
  <testcase classname="testCases.ListingSurgeries" name="verifySurgeryPage" time="0.815"/>
  <testcase classname="testCases.ListingSurgeries" name="availableSurgeries" time="1.952"/>
</testsuite> <!-- testCases.ListingSurgeries -->
