<?xml version="1.0" encoding="UTF-8"?>
<!-- Generated by org.testng.reporters.JUnitReportReporter -->
<testsuite hostname="LTIN484790" failures="0" tests="2" name="testCases.ListingReqDoctors" time="11.225" errors="0" timestamp="2024-02-26T17:30:41 IST" skipped="0">
  <testcase classname="testCases.ListingReqDoctors" name="validateFilters" time="9.166"/>
  <testcase classname="testCases.ListingReqDoctors" name="getDetails" time="2.059"/>
</testsuite> <!-- testCases.ListingReqDoctors -->
