<?xml version="1.0" encoding="UTF-8"?>
<!-- Generated by org.testng.reporters.JUnitReportReporter -->
<testsuite hostname="LTIN484790" failures="0" tests="2" name="testCases.CorporateForm" time="22.398" errors="0" timestamp="2024-02-26T17:30:41 IST" skipped="0">
  <testcase classname="testCases.CorporateForm" name="verifyFormPage" time="4.083"/>
  <testcase classname="testCases.CorporateForm" name="validateForm" time="18.315"/>
</testsuite> <!-- testCases.CorporateForm -->
