<?xml version="1.0" encoding="UTF-8"?>
<!-- Generated by org.testng.reporters.JUnitReportReporter -->
<testsuite hostname="LTIN484790" failures="0" tests="2" name="testCases.ListingSurgeries" time="3.017" errors="0" timestamp="2024-02-27T22:01:40 IST" skipped="0">
  <testcase classname="testCases.ListingSurgeries" name="verifySurgeryPage" time="0.746"/>
  <testcase classname="testCases.ListingSurgeries" name="availableSurgeries" time="2.271"/>
</testsuite> <!-- testCases.ListingSurgeries -->
